media/build/outputs/logs/manifest-merger-debug-report.txt
-- Merging decision tree log ---
manifest
ADDED from src/main/AndroidManifest.xml:17:1-56:12
INJECTED from src/main/AndroidManifest.xml:17:1-56:12
INJECTED from src/main/AndroidManifest.xml:17:1-56:12
INJECTED from src/main/AndroidManifest.xml:17:1-56:12
INJECTED from src/main/AndroidManifest.xml:17:1-56:12
INJECTED from src/main/AndroidManifest.xml:17:1-56:12
INJECTED from src/main/AndroidManifest.xml:17:1-56:12
	package
		ADDED from src/main/AndroidManifest.xml:19:11-51
		INJECTED from src/main/AndroidManifest.xml
		INJECTED from src/main/AndroidManifest.xml
	android:versionName
		INJECTED from src/main/AndroidManifest.xml
		ADDED from src/main/AndroidManifest.xml:17:1-56:12
		INJECTED from src/main/AndroidManifest.xml
	xmlns:tools
		ADDED from src/main/AndroidManifest.xml:18:11-57
	android:versionCode
		INJECTED from src/main/AndroidManifest.xml
		ADDED from src/main/AndroidManifest.xml:17:1-56:12
		INJECTED from src/main/AndroidManifest.xml
	xmlns:android
		ADDED from src/main/AndroidManifest.xml:17:11-69
uses-permission#android.permission.FOREGROUND_SERVICE
ADDED from src/main/AndroidManifest.xml:21:5-76
	android:name
		ADDED from src/main/AndroidManifest.xml:21:22-74
uses-permission#android.permission.INTERNET
ADDED from src/main/AndroidManifest.xml:22:5-66
	android:name
		ADDED from src/main/AndroidManifest.xml:22:22-64
application
ADDED from src/main/AndroidManifest.xml:24:5-55:19
meta-data#com.google.android.gms.car.application
ADDED from src/main/AndroidManifest.xml:27:9-28:58
	android:resource
		ADDED from src/main/AndroidManifest.xml:28:13-56
	android:name
		ADDED from src/main/AndroidManifest.xml:27:20-73
service#com.example.android.uamp.media.MusicService
ADDED from src/main/AndroidManifest.xml:30:9-39:19
	android:enabled
		ADDED from src/main/AndroidManifest.xml:32:13-35
	android:exported
		ADDED from src/main/AndroidManifest.xml:33:13-36
	tools:ignore
		ADDED from src/main/AndroidManifest.xml:34:13-43
	android:name
		ADDED from src/main/AndroidManifest.xml:31:13-41
intent-filter#action:name:android.media.browse.MediaBrowserService
ADDED from src/main/AndroidManifest.xml:36:13-38:29
action#android.media.browse.MediaBrowserService
ADDED from src/main/AndroidManifest.xml:37:17-83
	android:name
		ADDED from src/main/AndroidManifest.xml:37:25-80
receiver#androidx.media.session.MediaButtonReceiver
ADDED from src/main/AndroidManifest.xml:49:9-53:20
	android:name
		ADDED from src/main/AndroidManifest.xml:49:19-76
intent-filter#action:name:android.intent.action.MEDIA_BUTTON
ADDED from src/main/AndroidManifest.xml:50:13-52:29
action#android.intent.action.MEDIA_BUTTON
ADDED from src/main/AndroidManifest.xml:51:17-77
	android:name
		ADDED from src/main/AndroidManifest.xml:51:25-74
uses-sdk
INJECTED from src/main/AndroidManifest.xml reason: use-sdk injection requested
INJECTED from src/main/AndroidManifest.xml
INJECTED from src/main/AndroidManifest.xml
INJECTED from src/main/AndroidManifest.xml
INJECTED from src/main/AndroidManifest.xml
	android:targetSdkVersion
		INJECTED from src/main/AndroidManifest.xml
		ADDED from src/main/AndroidManifest.xml
		INJECTED from src/main/AndroidManifest.xml
	android:minSdkVersion
		INJECTED from src/main/AndroidManifest.xml
		ADDED from src/main/AndroidManifest.xml
		INJECTED from src/main/AndroidManifest.xml